
#--------------------------------### History Log of Sack ###--------------------------------#

# LOG: 143912
# DATE: 14:39:12


# Data obtained from the victim

New victim connected: 127.0.0.1

__user ---> 0
__a ---> 1
__dyn ---> 7xeXxaER2HwNJ0ZwRAKGzEyay6-C11xG12wAxu13wm8gxZ3ocU9UKaxeUW2y7E4iu3e225ob8aUbo6ucxG48hwv9FovgWmdxu
__req ---> 5
__be ---> -1
__pc ---> EXP1:DEFAULT
lsd ---> AVqXC3Pu
__rev ---> 2558434

#--------------------------------### History Log of Sack ###--------------------------------#

# LOG: 143912
# DATE: 14:39:12


# Data obtained from the victim

New victim connected: 127.0.0.1

lsd ---> AVqXC3Pu
email ---> example@spartug.com
pass ---> example
default_persistent ---> 1
timezone ---> 300
lgndim ---> eyJ3IjoxMzY2LCJoIjo3NjgsImF3IjoxMzY2LCJhaCI6NzQ0LCJjIjoyNH0=
lgnrnd ---> 123834_dRyu
lgnjs ---> 1473709131
ab_test_data ---> AAAMllZAA/ZZAyZAAMMAAMMAAAAAAAAAAAAMAAMAFio/cWRFAAPAAD
locale ---> es_LA
next ---> https://www.facebook.com/
qsstamp ---> W1tbMzQsNDgsNzMsODksMTAwLDEwOSwxMzcsMTYxLDE3OSwyMTcsMjI1LDI0MiwyNDcsMjU5LDI3OSwyOTgsMzE1LDMxNywzMjYsMzI3LDMzMywzMzgsMzQzLDM0OCwzNTMsMzY0LDM2NywzODIsMzgzLDM5OSw0MTQsNDE2LDQ2OCw0OTYsNDk3LDQ5OSw1MTIsNTE4LDU0MSw1NDcsNTU4LDY4MV1dLCJBWmthaWpya0RfN0huQmFac1poSU9qb0Fia0dNcXBtd09PcTNoS2lJd3AwS2dvMFlMUG1rbjhRMTJkMlU4NW1fdGVyVTNON1NlM285WE4tWGtUeGFxcW9TNFdlQXVES3VydThWdTdPelVUdUxReGpZQ1FpTHdwNjZtM2EzQ3pvN1JteXVldnNkTXlCTlBhc2pQam5rT3Y3T3BvM2EyN2ZvUEpTZnJmb3RBWWVIZVRDZVZhYzJUUUozTnRpVERzTlRzTHdGakcyaWhSLUdSLWk5dDdrcEY5bXItcmkyQV9wQ280TmhaVVVmZEdXcTdBIl0=
